[02/03/2026, 22:40:47] [SUCCESS] PROFILE +14 | 1CH1BANN | pages=1 | lastId=10571697870
[02/03/2026, 22:41:50] [SUCCESS] PROFILE +15 | 1CH1BANN | pages=1 | lastId=10590509629
[02/03/2026, 22:43:32] [SUCCESS] Recontagem perfil OK: 1CH1BANN = 87742 (lost=0)
[02/03/2026, 22:44:50] [EVENT] Botão status por noxy.gg
[02/03/2026, 22:44:56] [SUCCESS] PROFILE +13 | 1CH1BANN | pages=1 | lastId=10588529732
[02/03/2026, 22:47:01] [SUCCESS] PROFILE +15 | 1CH1BANN | pages=1 | lastId=10588572361
[02/03/2026, 22:48:03] [SUCCESS] PROFILE +12 | 1CH1BANN | pages=1 | lastId=10571137109
[02/03/2026, 22:50:08] [SUCCESS] PROFILE +10 | 1CH1BANN | pages=1 | lastId=10571150787
[02/03/2026, 22:51:11] [SUCCESS] PROFILE +15 | 1CH1BANN | pages=1 | lastId=10570662062
[02/03/2026, 22:52:23] [EVENT] Slash /reset por noxy.gg
[02/03/2026, 22:52:23] [WARN] Reset via slash /reset
[02/03/2026, 22:52:29] [SUCCESS] ✅ Banco de dados carregado
[02/03/2026, 22:52:29] [SUCCESS] ✅ BD -> JSON (targets) sync: 4 registros
[02/03/2026, 22:52:30] [SUCCESS] ✅ Comandos registrados (3)
[02/03/2026, 22:52:30] [SUCCESS] ✅ Bot online como Bot Followers#2373
[02/03/2026, 22:52:30] [EVENT] DM de online enviada ao dono
[02/03/2026, 22:53:02] [EVENT] Slash /panel por noxy.gg
[02/03/2026, 22:53:06] [EVENT] Botão status por noxy.gg
[02/03/2026, 22:53:39] [EVENT] Botão track_profile por noxy.gg
[02/03/2026, 22:53:41] [EVENT] Modal track_modal_profile por noxy.gg
[02/03/2026, 22:53:43] [SUCCESS] Tracker ativado (profile) => ICHIBANNCOELHO (3888447484) por noxy.gg
[02/03/2026, 22:55:59] [EVENT] Slash /reset por noxy.gg
[02/03/2026, 22:56:00] [WARN] Reset via slash /reset
[02/03/2026, 22:56:05] [SUCCESS] ✅ Banco de dados carregado
[02/03/2026, 22:56:05] [SUCCESS] ✅ BD -> JSON (targets) sync: 4 registros
[02/03/2026, 22:56:06] [SUCCESS] ✅ Comandos registrados (3)
[02/03/2026, 22:56:06] [SUCCESS] ✅ Bot online como Bot Followers#2373
[02/03/2026, 22:56:07] [EVENT] DM de online enviada ao dono
[02/03/2026, 22:56:12] [EVENT] Botão track_profile por noxy.gg
[02/03/2026, 22:56:15] [EVENT] Modal track_modal_profile por noxy.gg
[02/03/2026, 22:56:17] [SUCCESS] Tracker ativado (profile) => ICHIBANNCOELHO (3888447484) por noxy.gg
[02/03/2026, 22:57:57] [EVENT] Botão update_estimate por noxy.gg
[02/03/2026, 22:57:57] [EVENT] Update Estimate iniciado (pOn=true, gOn=true) por noxy.gg
[02/03/2026, 22:57:58] [SUCCESS] Recontagem grupo OK: Black Cat's Group = 33172
[02/03/2026, 22:58:07] [SUCCESS] Recontagem perfil OK: ICHIBANNCOELHO = 1153 (lost=0)
[02/03/2026, 23:03:08] [EVENT] Slash /reset por noxy.gg
[02/03/2026, 23:03:08] [WARN] Reset via slash /reset
[02/03/2026, 23:03:14] [SUCCESS] ✅ Banco de dados carregado
[02/03/2026, 23:03:15] [SUCCESS] ✅ BD -> JSON (targets) sync: 4 registros
[02/03/2026, 23:03:15] [SUCCESS] ✅ Comandos registrados (3)
[02/03/2026, 23:03:15] [SUCCESS] ✅ Bot online como Bot Followers#2373
[02/03/2026, 23:03:16] [EVENT] DM de online enviada ao dono
[02/03/2026, 23:03:31] [EVENT] Slash /panel por noxy.gg
[02/03/2026, 23:03:34] [EVENT] Botão track_profile por noxy.gg
[02/03/2026, 23:03:38] [EVENT] Modal track_modal_profile por noxy.gg
[02/03/2026, 23:03:40] [SUCCESS] Tracker ativado (profile) => 1CH1BANN (315909186) por noxy.gg
[02/03/2026, 23:03:43] [EVENT] Botão status por noxy.gg
[02/03/2026, 23:04:03] [EVENT] Botão update_estimate por noxy.gg
[02/03/2026, 23:04:03] [EVENT] Update Estimate iniciado (pOn=true, gOn=true) por noxy.gg
[02/03/2026, 23:04:04] [SUCCESS] Recontagem grupo OK: Black Cat's Group = 33172
[02/03/2026, 23:04:16] [SUCCESS] PROFILE +45 | 1CH1BANN | pages=1 | lastId=10571214004
[02/03/2026, 23:06:19] [SUCCESS] PROFILE +48 | 1CH1BANN | pages=1 | lastId=10588569739
[02/03/2026, 23:07:19] [SUCCESS] PROFILE +44 | 1CH1BANN | pages=1 | lastId=10588696971
[02/03/2026, 23:08:20] [SUCCESS] PROFILE +44 | 1CH1BANN | pages=1 | lastId=10570940440
[02/03/2026, 23:09:06] [EVENT] Botão status por noxy.gg
[02/03/2026, 23:10:23] [SUCCESS] PROFILE +50 | 1CH1BANN | pages=1 | lastId=10571121353
[02/03/2026, 23:11:24] [SUCCESS] PROFILE +41 | 1CH1BANN | pages=1 | lastId=10588557590
[02/03/2026, 23:13:25] [SUCCESS] PROFILE +49 | 1CH1BANN | pages=1 | lastId=10571240219
[02/03/2026, 23:14:28] [SUCCESS] PROFILE +39 | 1CH1BANN | pages=1 | lastId=10590449886
[02/03/2026, 23:14:30] [SUCCESS] GROUP +33 | Black Cat's Group => 33205
[02/03/2026, 23:15:06] [EVENT] Slash /panel por noxy.gg
[02/03/2026, 23:15:08] [EVENT] Botão status por noxy.gg
[02/03/2026, 23:15:12] [SUCCESS] Recontagem perfil OK: 1CH1BANN = 88239 (lost=0)
[02/03/2026, 23:16:27] [SUCCESS] PROFILE +95 | 1CH1BANN | pages=1 | lastId=10588600276
[02/03/2026, 23:17:28] [SUCCESS] PROFILE +45 | 1CH1BANN | pages=1 | lastId=10588433380
[02/03/2026, 23:18:29] [SUCCESS] PROFILE +41 | 1CH1BANN | pages=1 | lastId=10571136412
[02/03/2026, 23:19:30] [SUCCESS] PROFILE +92 | 1CH1BANN | pages=1 | lastId=10588580363
[02/03/2026, 23:20:31] [SUCCESS] PROFILE +45 | 1CH1BANN | pages=1 | lastId=10588710147
[02/03/2026, 23:21:32] [SUCCESS] PROFILE +46 | 1CH1BANN | pages=1 | lastId=10588586193
[02/03/2026, 23:22:33] [SUCCESS] PROFILE +43 | 1CH1BANN | pages=1 | lastId=10590685931
[02/03/2026, 23:23:33] [SUCCESS] PROFILE +43 | 1CH1BANN | pages=1 | lastId=10588535052
[02/03/2026, 23:24:34] [SUCCESS] PROFILE +47 | 1CH1BANN | pages=1 | lastId=10588549984
[02/03/2026, 23:25:35] [SUCCESS] PROFILE +39 | 1CH1BANN | pages=1 | lastId=10588602926
[02/03/2026, 23:26:36] [SUCCESS] PROFILE +49 | 1CH1BANN | pages=1 | lastId=10588523236
[02/03/2026, 23:27:00] [EVENT] Slash /reset por noxy.gg
[02/03/2026, 23:27:00] [WARN] Reset via slash /reset
[02/03/2026, 23:27:08] [SUCCESS] ✅ Banco de dados carregado
[02/03/2026, 23:27:08] [SUCCESS] ✅ BD -> JSON (targets) sync: 4 registros
[02/03/2026, 23:27:08] [SUCCESS] ✅ Comandos registrados (3)
[02/03/2026, 23:27:08] [SUCCESS] ✅ Bot online como Bot Followers#2373
[02/03/2026, 23:27:09] [EVENT] DM de online enviada ao dono
[02/03/2026, 23:28:09] [SUCCESS] PROFILE +43 | 1CH1BANN | pages=1 | lastId=10571237362
[02/03/2026, 23:28:22] [EVENT] Slash /panel por noxy.gg
[02/03/2026, 23:28:25] [EVENT] Botão update_estimate por noxy.gg
[02/03/2026, 23:28:25] [EVENT] Update Estimate iniciado (pOn=true, gOn=true) por noxy.gg
[02/03/2026, 23:28:25] [SUCCESS] Recontagem grupo OK: Black Cat's Group = 33205
[02/03/2026, 23:30:10] [SUCCESS] PROFILE +48 | 1CH1BANN | pages=1 | lastId=10571132340
[02/03/2026, 23:32:12] [SUCCESS] PROFILE +47 | 1CH1BANN | pages=1 | lastId=10571135619
[02/03/2026, 23:33:12] [SUCCESS] PROFILE +44 | 1CH1BANN | pages=1 | lastId=10588554629
[02/03/2026, 23:34:12] [SUCCESS] PROFILE +37 | 1CH1BANN | pages=1 | lastId=10588738535
[02/03/2026, 23:37:14] [SUCCESS] PROFILE +48 | 1CH1BANN | pages=1 | lastId=10571116770
[02/03/2026, 23:38:16] [SUCCESS] PROFILE +37 | 1CH1BANN | pages=1 | lastId=10588541669
[02/03/2026, 23:38:56] [SUCCESS] Recontagem perfil OK: 1CH1BANN = 89128 (lost=0)
[02/03/2026, 23:39:16] [SUCCESS] PROFILE +48 | 1CH1BANN | pages=1 | lastId=10571103755
[02/03/2026, 23:40:16] [SUCCESS] PROFILE +2 | 1CH1BANN | pages=1 | lastId=10571695339
[02/03/2026, 23:41:16] [SUCCESS] PROFILE +47 | 1CH1BANN | pages=1 | lastId=10588704600
[02/03/2026, 23:42:17] [SUCCESS] PROFILE +50 | 1CH1BANN | pages=1 | lastId=10587196981
[02/03/2026, 23:44:18] [SUCCESS] PROFILE +60 | 1CH1BANN | pages=1 | lastId=10588686497
[02/03/2026, 23:46:19] [SUCCESS] PROFILE +16 | 1CH1BANN | pages=1 | lastId=10588530631
[02/03/2026, 23:47:20] [SUCCESS] PROFILE +13 | 1CH1BANN | pages=1 | lastId=10588543791
[02/03/2026, 23:49:21] [SUCCESS] PROFILE +20 | 1CH1BANN | pages=1 | lastId=10588694372
[02/03/2026, 23:50:22] [SUCCESS] PROFILE +15 | 1CH1BANN | pages=1 | lastId=10588052687
[02/03/2026, 23:50:54] [EVENT] Slash /reset por noxy.gg
[02/03/2026, 23:50:55] [WARN] Reset via slash /reset
[02/03/2026, 23:59:51] [SUCCESS] ✅ Banco de dados carregado
[02/03/2026, 23:59:51] [SUCCESS] ✅ BD -> JSON (targets) sync: 4 registros
[02/03/2026, 23:59:52] [SUCCESS] ✅ Comandos registrados (3)
[02/03/2026, 23:59:52] [SUCCESS] ✅ Bot online como Tracker Followers Bot#2373
[02/03/2026, 23:59:53] [EVENT] DM de online enviada ao dono
[03/03/2026, 00:01:45] [EVENT] Slash /panel por noxy.gg
[03/03/2026, 00:01:47] [EVENT] Botão update_estimate por noxy.gg
[03/03/2026, 00:01:47] [EVENT] Update Estimate iniciado (pOn=true, gOn=true) por noxy.gg
[03/03/2026, 00:01:48] [SUCCESS] Recontagem grupo OK: Black Cat's Group = 33205
[03/03/2026, 00:04:52] [WARN] Reset diário automático
[03/03/2026, 00:04:56] [SUCCESS] PROFILE +153 | 1CH1BANN | pages=2 | lastId=10588672206
[03/03/2026, 00:09:55] [SUCCESS] PROFILE +54 | 1CH1BANN | pages=1 | lastId=10588564336
[03/03/2026, 00:12:26] [SUCCESS] Recontagem perfil OK: 1CH1BANN = 89636 (lost=0)
[03/03/2026, 00:14:57] [SUCCESS] PROFILE +19 | 1CH1BANN | pages=1 | lastId=10571154867
[03/03/2026, 00:16:38] [EVENT] Slash /reset por noxy.gg
[03/03/2026, 00:16:38] [WARN] Reset via slash /reset
[03/03/2026, 00:16:48] [SUCCESS] ✅ Banco de dados carregado
[03/03/2026, 00:16:48] [SUCCESS] ✅ BD -> JSON (targets) sync: 4 registros
[03/03/2026, 00:16:48] [SUCCESS] ✅ Comandos registrados (3)
[03/03/2026, 00:16:48] [SUCCESS] ✅ Bot online como Tracker Followers Bot#2373
[03/03/2026, 00:16:49] [EVENT] DM de online enviada ao dono
[03/03/2026, 00:16:55] [EVENT] Slash /panel por noxy.gg
[03/03/2026, 00:16:58] [EVENT] Botão update_estimate por noxy.gg
[03/03/2026, 00:16:58] [EVENT] Update Estimate iniciado (pOn=true, gOn=true) por noxy.gg
[03/03/2026, 00:17:06] [SUCCESS] Recontagem grupo OK: Black Cat's Group = 33205
[03/03/2026, 00:18:24] [SUCCESS] ✅ Banco de dados carregado
[03/03/2026, 00:18:24] [SUCCESS] ✅ BD -> JSON (targets) sync: 4 registros
[03/03/2026, 00:18:25] [SUCCESS] ✅ Comandos registrados (3)
[03/03/2026, 00:18:25] [SUCCESS] ✅ Bot online como Tracker Followers Bot#2373
[03/03/2026, 00:18:25] [EVENT] DM de online enviada ao dono
[03/03/2026, 00:18:37] [EVENT] Slash /panel por noxy.gg
[03/03/2026, 00:18:39] [EVENT] Botão update_estimate por noxy.gg
[03/03/2026, 00:18:39] [EVENT] Update Estimate iniciado (pOn=true, gOn=true) por noxy.gg
[03/03/2026, 00:18:40] [SUCCESS] Recontagem grupo OK: Black Cat's Group = 33205
[03/03/2026, 00:23:27] [SUCCESS] PROFILE +108 | 1CH1BANN | pages=2 | lastId=10588690095
[03/03/2026, 00:28:25] [SUCCESS] PROFILE +70 | 1CH1BANN | pages=1 | lastId=10571143007
[03/03/2026, 00:29:37] [SUCCESS] Recontagem perfil OK: 1CH1BANN = 89852 (lost=0)
[03/03/2026, 00:29:47] [EVENT] Botão update_estimate por noxy.gg
[03/03/2026, 00:29:47] [EVENT] Update Estimate iniciado (pOn=true, gOn=true) por noxy.gg
[03/03/2026, 00:29:47] [SUCCESS] Recontagem grupo OK: Black Cat's Group = 33205
[03/03/2026, 00:31:03] [EVENT] Slash /reset por noxy.gg
[03/03/2026, 00:31:03] [WARN] Reset via slash /reset
[03/03/2026, 00:31:19] [SUCCESS] ✅ Banco de dados carregado
[03/03/2026, 00:31:19] [SUCCESS] ✅ BD -> JSON (targets) sync: 4 registros
[03/03/2026, 00:31:19] [SUCCESS] ✅ Comandos registrados (3)
[03/03/2026, 00:31:19] [SUCCESS] ✅ Bot online como Tracker Followers Bot#2373
[03/03/2026, 00:31:20] [EVENT] DM de online enviada ao dono
[03/03/2026, 00:33:50] [EVENT] Slash /reset por noxy.gg
[03/03/2026, 00:33:50] [WARN] Reset via slash /reset
[03/03/2026, 00:33:59] [SUCCESS] ✅ Banco de dados carregado
[03/03/2026, 00:33:59] [SUCCESS] ✅ BD -> JSON (targets) sync: 4 registros
[03/03/2026, 00:33:59] [SUCCESS] ✅ Comandos registrados (3)
[03/03/2026, 00:33:59] [SUCCESS] ✅ Bot online como Tracker Followers Bot#2373
[03/03/2026, 00:34:00] [EVENT] DM de online enviada ao dono
[03/03/2026, 00:35:12] [EVENT] Slash /panel por noxy.gg
[03/03/2026, 00:35:14] [EVENT] Botão update_estimate por noxy.gg
[03/03/2026, 00:35:14] [EVENT] Update Estimate iniciado (pOn=true, gOn=true) por noxy.gg
[03/03/2026, 00:35:15] [SUCCESS] Recontagem grupo OK: Black Cat's Group = 33205
[03/03/2026, 00:39:02] [SUCCESS] PROFILE +95 | 1CH1BANN | pages=1 | lastId=10590544881
[03/03/2026, 00:39:08] [EVENT] Slash /reset por noxy.gg
[03/03/2026, 00:39:08] [WARN] Reset via slash /reset
[03/03/2026, 00:39:25] [SUCCESS] ✅ Banco de dados carregado
[03/03/2026, 00:39:25] [SUCCESS] ✅ BD -> JSON (targets) sync: 4 registros
[03/03/2026, 00:39:25] [SUCCESS] ✅ Comandos registrados (3)
[03/03/2026, 00:39:25] [SUCCESS] ✅ Bot online como Tracker Followers Bot#2373
[03/03/2026, 00:39:26] [EVENT] DM de online enviada ao dono
[03/03/2026, 00:39:32] [EVENT] Slash /panel por noxy.gg
[03/03/2026, 00:39:36] [EVENT] Botão update_estimate por noxy.gg
[03/03/2026, 00:39:36] [EVENT] Update Estimate iniciado (pOn=true, gOn=true) por noxy.gg
[03/03/2026, 00:39:36] [SUCCESS] Recontagem grupo OK: Black Cat's Group = 33205
[03/03/2026, 00:44:29] [SUCCESS] PROFILE +52 | 1CH1BANN | pages=1 | lastId=10588703483
[03/03/2026, 00:49:29] [SUCCESS] PROFILE +69 | 1CH1BANN | pages=1 | lastId=10588591316
[03/03/2026, 00:50:43] [SUCCESS] Recontagem perfil OK: 1CH1BANN = 90086 (lost=0)
[03/03/2026, 00:51:07] [EVENT] Slash /reset por noxy.gg
[03/03/2026, 00:51:07] [WARN] Reset via slash /reset
[03/03/2026, 00:51:13] [SUCCESS] ✅ Banco de dados carregado
[03/03/2026, 00:51:13] [SUCCESS] ✅ BD -> JSON (targets) sync: 4 registros
[03/03/2026, 00:51:13] [SUCCESS] ✅ Comandos registrados (3)
[03/03/2026, 00:51:13] [SUCCESS] ✅ Bot online como Tracker Followers Bot#2373
[03/03/2026, 00:51:14] [EVENT] DM de online enviada ao dono
[03/03/2026, 00:52:28] [EVENT] Slash /panel por noxy.gg
[03/03/2026, 00:52:35] [EVENT] Botão update_estimate por noxy.gg
[03/03/2026, 00:52:35] [EVENT] Update Estimate iniciado (pOn=true, gOn=true) por noxy.gg
[03/03/2026, 00:52:35] [SUCCESS] Recontagem grupo OK: Black Cat's Group = 33205
[03/03/2026, 00:56:15] [SUCCESS] PROFILE +55 | 1CH1BANN | pages=1 | lastId=10570477967
[03/03/2026, 00:57:45] [EVENT] Botão status por noxy.gg
[03/03/2026, 01:01:14] [SUCCESS] PROFILE +58 | 1CH1BANN | pages=1 | lastId=10571153122
[03/03/2026, 01:03:24] [ERROR] Erro no update_estimate: ReferenceError: uname is not defined
    at Client.<anonymous> (C:\Users\User\Desktop\Tracker Followers Bot\index.js:1145:26)
    at process.processTicksAndRejections (node:internal/process/task_queues:104:5)
[03/03/2026, 01:06:14] [SUCCESS] PROFILE +63 | 1CH1BANN | pages=1 | lastId=10571680857
[03/03/2026, 01:11:14] [SUCCESS] PROFILE +49 | 1CH1BANN | pages=1 | lastId=10588601676
[03/03/2026, 01:16:14] [SUCCESS] PROFILE +72 | 1CH1BANN | pages=1 | lastId=10588697801
[03/03/2026, 01:21:15] [SUCCESS] PROFILE +58 | 1CH1BANN | pages=1 | lastId=10588667094
[03/03/2026, 01:22:29] [EVENT] Slash /reset por noxy.gg
[03/03/2026, 01:22:29] [WARN] Reset via slash /reset
[03/03/2026, 01:22:46] [SUCCESS] ✅ Banco de dados carregado
[03/03/2026, 01:22:46] [SUCCESS] ✅ BD -> JSON (targets) sync: 4 registros
[03/03/2026, 01:22:46] [SUCCESS] ✅ Comandos registrados (3)
[03/03/2026, 01:22:46] [SUCCESS] ✅ Bot online como Tracker Followers Bot#2373
[03/03/2026, 01:22:47] [EVENT] DM de online enviada ao dono
[03/03/2026, 01:23:45] [EVENT] Slash /painel por noxy.gg
[03/03/2026, 01:23:54] [EVENT] Botão status por noxy.gg
[03/03/2026, 01:24:07] [EVENT] Botão status por noxy.gg
[03/03/2026, 01:24:09] [EVENT] Botão update_estimate por noxy.gg
[03/03/2026, 01:24:09] [EVENT] Update Estimate iniciado (pOn=true, gOn=true) por noxy.gg
[03/03/2026, 01:24:10] [SUCCESS] Recontagem grupo OK: Black Cat's Group = 33205
[03/03/2026, 01:27:49] [SUCCESS] PROFILE +72 | 1CH1BANN | pages=1 | lastId=10588601012
[03/03/2026, 01:32:50] [SUCCESS] PROFILE +53 | 1CH1BANN | pages=1 | lastId=10571120108
[03/03/2026, 01:34:59] [SUCCESS] Recontagem perfil OK: 1CH1BANN = 90582 (lost=0)
[03/03/2026, 01:37:22] [EVENT] Slash /reset por noxy.gg
[03/03/2026, 01:37:22] [WARN] Reset via slash /reset
[03/03/2026, 01:37:31] [SUCCESS] ✅ Banco de dados carregado
[03/03/2026, 01:37:31] [SUCCESS] ✅ BD -> JSON (targets) sync: 4 registros
[03/03/2026, 01:37:32] [SUCCESS] ✅ Comandos registrados (3)
[03/03/2026, 01:37:32] [SUCCESS] ✅ Bot online como Tracker Followers Bot#2373
[03/03/2026, 01:37:32] [EVENT] DM de online enviada ao dono
[03/03/2026, 01:37:53] [EVENT] Slash /painel por noxy.gg
[03/03/2026, 01:40:53] [EVENT] Slash /reset por noxy.gg
[03/03/2026, 01:40:53] [WARN] Reset via slash /reset
[03/03/2026, 01:41:01] [SUCCESS] ✅ Banco de dados carregado
[03/03/2026, 01:41:01] [SUCCESS] ✅ BD -> JSON (targets) sync: 4 registros
[03/03/2026, 01:41:01] [SUCCESS] ✅ Comandos registrados (3)
[03/03/2026, 01:41:01] [SUCCESS] ✅ Bot online como Tracker Followers Bot#2373
[03/03/2026, 01:41:02] [EVENT] DM de online enviada ao dono
[03/03/2026, 01:41:09] [EVENT] Slash /painel por noxy.gg
[03/03/2026, 01:41:28] [EVENT] Slash /reset por noxy.gg
[03/03/2026, 01:41:29] [WARN] Reset via slash /reset
[03/03/2026, 01:41:35] [SUCCESS] ✅ Banco de dados carregado
[03/03/2026, 01:41:35] [SUCCESS] ✅ BD -> JSON (targets) sync: 4 registros
[03/03/2026, 01:41:35] [SUCCESS] ✅ Comandos registrados (3)
[03/03/2026, 01:41:35] [SUCCESS] ✅ Bot online como Tracker Followers Bot#2373
[03/03/2026, 01:41:36] [EVENT] DM de online enviada ao dono
[03/03/2026, 01:41:39] [EVENT] Slash /painel por noxy.gg
[03/03/2026, 01:46:37] [SUCCESS] PROFILE +130 | 1CH1BANN | pages=2 | lastId=10590150049
[03/03/2026, 01:47:06] [EVENT] Slash /reset por noxy.gg
[03/03/2026, 01:47:06] [WARN] Reset via slash /reset
[03/03/2026, 01:47:13] [SUCCESS] ✅ Banco de dados carregado
[03/03/2026, 01:47:13] [SUCCESS] ✅ BD -> JSON (targets) sync: 4 registros
[03/03/2026, 01:47:13] [SUCCESS] ✅ Comandos registrados (3)
[03/03/2026, 01:47:13] [SUCCESS] ✅ Bot online como Tracker Followers Bot#2373
[03/03/2026, 01:47:14] [EVENT] DM de online enviada ao dono
[03/03/2026, 01:47:19] [EVENT] Slash /painel por noxy.gg
[03/03/2026, 01:49:12] [EVENT] Slash /reset por noxy.gg
[03/03/2026, 01:49:12] [WARN] Reset via slash /reset
[03/03/2026, 01:49:20] [SUCCESS] ✅ Banco de dados carregado
[03/03/2026, 01:49:20] [SUCCESS] ✅ BD -> JSON (targets) sync: 4 registros
[03/03/2026, 01:49:20] [SUCCESS] ✅ Comandos registrados (3)
[03/03/2026, 01:49:20] [SUCCESS] ✅ Bot online como Tracker Followers Bot#2373
[03/03/2026, 01:49:21] [EVENT] DM de online enviada ao dono
[03/03/2026, 01:49:28] [EVENT] Slash /painel por noxy.gg
[03/03/2026, 01:49:51] [EVENT] Slash /reset por noxy.gg
[03/03/2026, 01:49:52] [WARN] Reset via slash /reset
[03/03/2026, 01:49:58] [SUCCESS] ✅ Banco de dados carregado
[03/03/2026, 01:49:58] [SUCCESS] ✅ BD -> JSON (targets) sync: 4 registros
[03/03/2026, 01:49:58] [SUCCESS] ✅ Comandos registrados (3)
[03/03/2026, 01:49:58] [SUCCESS] ✅ Bot online como Tracker Followers Bot#2373
[03/03/2026, 01:49:59] [EVENT] DM de online enviada ao dono
[03/03/2026, 01:50:04] [EVENT] Slash /painel por noxy.gg
[03/03/2026, 01:50:19] [EVENT] Slash /reset por noxy.gg
[03/03/2026, 01:50:19] [WARN] Reset via slash /reset
[03/03/2026, 01:50:25] [SUCCESS] ✅ Banco de dados carregado
[03/03/2026, 01:50:25] [SUCCESS] ✅ BD -> JSON (targets) sync: 4 registros
[03/03/2026, 01:50:26] [SUCCESS] ✅ Comandos registrados (3)
[03/03/2026, 01:50:26] [SUCCESS] ✅ Bot online como Tracker Followers Bot#2373
[03/03/2026, 01:50:26] [EVENT] DM de online enviada ao dono
[03/03/2026, 01:50:32] [EVENT] Slash /painel por noxy.gg
[03/03/2026, 01:51:16] [EVENT] Slash /reset por noxy.gg
[03/03/2026, 01:51:16] [WARN] Reset via slash /reset
[03/03/2026, 01:51:21] [SUCCESS] ✅ Banco de dados carregado
[03/03/2026, 01:51:21] [SUCCESS] ✅ BD -> JSON (targets) sync: 4 registros
[03/03/2026, 01:51:22] [SUCCESS] ✅ Comandos registrados (3)
[03/03/2026, 01:51:22] [SUCCESS] ✅ Bot online como Tracker Followers Bot#2373
[03/03/2026, 01:51:22] [EVENT] DM de online enviada ao dono
[03/03/2026, 01:51:26] [EVENT] Slash /painel por noxy.gg
[03/03/2026, 01:51:45] [EVENT] Slash /reset por noxy.gg
[03/03/2026, 01:51:46] [WARN] Reset via slash /reset
[03/03/2026, 01:51:51] [SUCCESS] ✅ Banco de dados carregado
[03/03/2026, 01:51:51] [SUCCESS] ✅ BD -> JSON (targets) sync: 4 registros
[03/03/2026, 01:51:51] [SUCCESS] ✅ Comandos registrados (3)
[03/03/2026, 01:51:51] [SUCCESS] ✅ Bot online como Tracker Followers Bot#2373
[03/03/2026, 01:51:52] [EVENT] DM de online enviada ao dono
[03/03/2026, 01:51:57] [EVENT] Slash /painel por noxy.gg
[03/03/2026, 01:52:05] [EVENT] Botão untrack_menu por noxy.gg
[03/03/2026, 01:52:12] [EVENT] Botão status por noxy.gg
[03/03/2026, 01:52:22] [EVENT] Botão update_estimate por noxy.gg
[03/03/2026, 01:52:22] [EVENT] Update Estimate iniciado (pOn=true, gOn=true) por noxy.gg
[03/03/2026, 01:52:23] [SUCCESS] Recontagem grupo OK: Black Cat's Group = 33205
[03/03/2026, 01:56:57] [SUCCESS] PROFILE +146 | 1CH1BANN | pages=2 | lastId=10571113634
[03/03/2026, 02:01:54] [SUCCESS] PROFILE +96 | 1CH1BANN | pages=1 | lastId=10588686813
[03/03/2026, 02:03:14] [SUCCESS] Recontagem perfil OK: 1CH1BANN = 90968 (lost=0)
[03/03/2026, 02:06:55] [SUCCESS] PROFILE +51 | 1CH1BANN | pages=1 | lastId=10571194644
[03/03/2026, 02:06:55] [SUCCESS] GROUP +168 | Black Cat's Group => 33373
[03/03/2026, 02:11:56] [SUCCESS] PROFILE +88 | 1CH1BANN | pages=1 | lastId=10588630416
[03/03/2026, 02:16:57] [SUCCESS] PROFILE +90 | 1CH1BANN | pages=1 | lastId=10588431923
[03/03/2026, 02:16:58] [SUCCESS] GROUP +185 | Black Cat's Group => 33558
[03/03/2026, 02:21:58] [SUCCESS] PROFILE +79 | 1CH1BANN | pages=1 | lastId=10571126646
[03/03/2026, 17:38:02] [SUCCESS] ✅ Banco de dados carregado
[03/03/2026, 17:38:02] [SUCCESS] ✅ BD -> JSON (targets) sync: 4 registros
[03/03/2026, 17:38:02] [SUCCESS] ✅ Comandos registrados (3)
[03/03/2026, 17:38:02] [SUCCESS] ✅ Bot online como Tracker Followers Bot#2373
[03/03/2026, 17:38:03] [EVENT] DM de online enviada ao dono
[03/03/2026, 17:38:23] [EVENT] Slash /painel por noxy.gg
[03/03/2026, 17:38:28] [EVENT] Botão update_estimate por noxy.gg
[03/03/2026, 17:38:28] [EVENT] Update Estimate iniciado (pOn=true, gOn=true) por noxy.gg
[03/03/2026, 17:38:29] [SUCCESS] Recontagem grupo OK: Black Cat's Group = 33562
[03/03/2026, 17:43:03] [SUCCESS] PROFILE +55 | 1CH1BANN | pages=1 | lastId=10570602326
[03/03/2026, 17:49:00] [SUCCESS] Recontagem perfil OK: 1CH1BANN = 90051 (lost=1225)
[03/03/2026, 18:07:03] [EVENT] Botão status por noxy.gg
[03/03/2026, 18:07:13] [EVENT] Botão update_estimate por noxy.gg
[03/03/2026, 18:07:13] [EVENT] Update Estimate iniciado (pOn=true, gOn=true) por noxy.gg
[03/03/2026, 18:07:13] [SUCCESS] Recontagem grupo OK: Black Cat's Group = 33547
[03/03/2026, 18:18:07] [SUCCESS] Recontagem perfil OK: 1CH1BANN = 89839 (lost=212)
[03/03/2026, 18:38:01] [INFO] SYNC LEVE: PROFILE total ajustado 1CH1BANN | 89839 -> 86804
[03/03/2026, 19:14:45] [EVENT] Slash /painel por noxy.gg
[03/03/2026, 19:14:48] [EVENT] Botão update_estimate por noxy.gg
[03/03/2026, 19:14:48] [EVENT] Update Estimate iniciado (pOn=true, gOn=true) por noxy.gg
[03/03/2026, 19:14:48] [SUCCESS] Recontagem grupo OK: Black Cat's Group = 33500
[03/03/2026, 19:25:36] [SUCCESS] Recontagem perfil OK: 1CH1BANN = 89351 (lost=0)
[03/03/2026, 19:25:49] [EVENT] Botão update_estimate por noxy.gg
[03/03/2026, 19:25:49] [EVENT] Update Estimate iniciado (pOn=true, gOn=true) por noxy.gg
[03/03/2026, 19:25:49] [SUCCESS] Recontagem grupo OK: Black Cat's Group = 33499
[03/03/2026, 19:36:19] [SUCCESS] Recontagem perfil OK: 1CH1BANN = 89277 (lost=74)
[03/03/2026, 19:38:01] [INFO] SYNC LEVE: PROFILE total ajustado 1CH1BANN | 89277 -> 86804
[03/03/2026, 23:58:09] [SUCCESS] ✅ Banco de dados carregado
[03/03/2026, 23:58:09] [SUCCESS] ✅ BD -> JSON (targets) sync: 4 registros
[03/03/2026, 23:58:10] [SUCCESS] ✅ Comandos registrados (3)
[03/03/2026, 23:58:10] [SUCCESS] ✅ Bot online como Tracker Followers Bot#2373
[03/03/2026, 23:58:11] [EVENT] DM de online enviada ao dono
[04/03/2026, 00:02:30] [EVENT] Slash /reset por noxy.gg
[04/03/2026, 00:02:31] [WARN] Reset via slash /reset
[04/03/2026, 00:02:37] [INFO] SYNC LEVE agendado para 04/03/2026, 18:00:00
[04/03/2026, 00:02:38] [SUCCESS] ✅ Banco de dados carregado
[04/03/2026, 00:02:38] [SUCCESS] ✅ BD -> JSON (targets) sync: 4 registros
[04/03/2026, 00:02:38] [SUCCESS] ✅ Comandos registrados (3)
[04/03/2026, 00:02:38] [SUCCESS] ✅ Bot online como Tracker Followers Bot#2373
[04/03/2026, 00:02:39] [EVENT] DM de online enviada ao dono
[04/03/2026, 00:02:55] [EVENT] Slash /painel por noxy.gg
[04/03/2026, 00:02:58] [EVENT] Botão update_estimate por noxy.gg
[04/03/2026, 00:02:58] [EVENT] Update Estimate iniciado (pOn=true, gOn=true) por noxy.gg
[04/03/2026, 00:02:58] [SUCCESS] Recontagem grupo OK: Black Cat's Group = 33466
[04/03/2026, 00:09:40] [EVENT] Slash /reset por noxy.gg
[04/03/2026, 00:09:40] [WARN] Reset via slash /reset
